<?xml version="1.0" encoding="UTF-8"?>
<!-- Generated by org.testng.reporters.JUnitReportReporter -->
<testsuite hostname="Yadav" failures="0" tests="1" name="testCases.TC005_DeleteCustomerPage" time="3.110" errors="0" timestamp="2024-12-22T11:51:33 IST" skipped="0">
  <testcase classname="testCases.TC005_DeleteCustomerPage" name="verify_deleteCustomerPage" time="3.110"/>
</testsuite> <!-- testCases.TC005_DeleteCustomerPage -->
