<?xml version="1.0" encoding="UTF-8"?>
<!-- Generated by org.testng.reporters.JUnitReportReporter -->
<testsuite hostname="Yadav" failures="0" tests="1" name="testCases.TC002_addNewCustomer" time="14.190" errors="0" timestamp="2024-12-17T10:20:19 IST" skipped="0">
  <testcase classname="testCases.TC002_addNewCustomer" name="testAddcustomer" time="14.190"/>
</testsuite> <!-- testCases.TC002_addNewCustomer -->
