<?xml version="1.0" encoding="UTF-8"?>
<!-- Generated by org.testng.reporters.JUnitReportReporter -->
<testsuite hostname="Yadav" failures="0" tests="1" name="testCases.TC003_EditCustomerPage" time="14.891" errors="0" timestamp="2024-12-20T09:39:36 IST" skipped="0">
  <testcase classname="testCases.TC003_EditCustomerPage" name="verify_editCustomerPage" time="14.891"/>
</testsuite> <!-- testCases.TC003_EditCustomerPage -->
