<?xml version="1.0" encoding="UTF-8"?>
<!-- Generated by org.testng.reporters.JUnitReportReporter -->
<testsuite hostname="Yadav" failures="0" tests="1" name="testCases.TC001_LoginPage" time="5.227" errors="0" timestamp="2024-12-19T14:53:44 IST" skipped="0">
  <testcase classname="testCases.TC001_LoginPage" name="testLoginPage" time="5.227"/>
</testsuite> <!-- testCases.TC001_LoginPage -->
